Step: step-credential-initializer-7d9fj:

{"level":"warn","ts":1565645486.634514,"logger":"fallback-logger","caller":"logging/config.go:69","msg":"Fetch GitHub commit ID from kodata failed: \"ref: refs/heads/master\" is not a valid GitHub commit ID"}
{"level":"info","ts":1565645486.6348777,"logger":"fallback-logger","caller":"creds-init/main.go:40","msg":"Credentials initialized."}
Step: step-working-dir-initializer-r99l6:

{"level":"warn","ts":1565645489.1422546,"logger":"fallback-logger","caller":"logging/config.go:69","msg":"Fetch GitHub commit ID from kodata failed: open /var/run/ko/HEAD: no such file or directory"}
{"level":"info","ts":1565645489.1465852,"logger":"fallback-logger","caller":"bash/main.go:65","msg":"Successfully executed command \"mkdir -p /workspace/source\""}
Step: step-place-tools:

Step: step-git-source-meta-********-jx-node-master-nzrwt:

{"level":"warn","ts":1565645501.5343823,"logger":"fallback-logger","caller":"logging/config.go:69","msg":"Fetch GitHub commit ID from kodata failed: \"ref: refs/heads/master\" is not a valid GitHub commit ID"}
{"level":"info","ts":1565645501.7314785,"logger":"fallback-logger","caller":"git/git.go:102","msg":"Successfully cloned https://github.com/********/jx-node.git @ fe8a69e29871d7cf195b7a57714110189717df5a in path /workspace/source"}
Step: step-git-merge:

{"level":"info","msg":"Using SHAs from PULL_REFS=master:fe8a69e29871d7cf195b7a57714110189717df5a","time":"2019-08-12T21:31:42Z"}
{"level":"warning","msg":"no SHAs to merge, falling back to initial cloned commit","time":"2019-08-12T21:31:42Z"}
Step: step-merge-pull-refs:

SKIP merge-pull-refs: Nothing to merge
Step: step-create-effective-pipeline:

{"level":"info","msg":"Deleting and cloning the Jenkins X versions repo","time":"2019-08-12T21:31:43Z"}
{"level":"info","msg":"Cloning the Jenkins X versions repo https://github.com/jenkins-x/jenkins-x-versions.git with ref refs/heads/master to /builder/home/.jx/jenkins-x-versions","time":"2019-08-12T21:31:43Z"}
{"level":"info","msg":"Effective pipeline written to jenkins-x-effective.yml","time":"2019-08-12T21:31:44Z"}
Step: step-create-tekton-crds:

{"level":"info","msg":"running command: echo \\$(jx-release-version) \u003e VERSION","time":"2019-08-12T21:31:45Z"}
{"level":"info","msg":"","time":"2019-08-12T21:31:45Z"}
{"level":"info","msg":"running command: jx step tag --version \\$(cat VERSION)","time":"2019-08-12T21:31:45Z"}
{"level":"info","msg":"Updating chart version in charts/jx-node/Chart.yaml to 0.0.1","time":"2019-08-12T21:31:45Z"}
{"level":"info","msg":"Updating repository in charts/jx-node/values.yaml to 744883795216.dkr.ecr.us-west-2.amazonaws.com/********/jx-node","time":"2019-08-12T21:31:45Z"}
{"level":"info","msg":"Updating tag in charts/jx-node/values.yaml to 0.0.1","time":"2019-08-12T21:31:45Z"}
{"level":"info","msg":"Tag v0.0.1 created and pushed to remote origin","time":"2019-08-12T21:31:49Z"}
{"level":"info","msg":"","time":"2019-08-12T21:31:49Z"}
{"level":"warning","msg":"failed to find secret kaniko-secret in namespace **: secrets \"kaniko-secret\" not found","time":"2019-08-12T21:31:49Z"}
{"level":"info","msg":"PipelineActivity for ********-jx-node-master-1","time":"2019-08-12T21:31:49Z"}
{"level":"info","msg":"Applying changes ","time":"2019-08-12T21:31:49Z"}
{"level":"info","msg":"upserted PipelineResource ********-jx-node-master for the git repository https://github.com/********/jx-node.git and branch master","time":"2019-08-12T21:31:49Z"}
{"level":"info","msg":"upserted Task ********-jx-node-master-from-build-pack-1","time":"2019-08-12T21:31:49Z"}
{"level":"info","msg":"upserted Pipeline ********-jx-node-master-1","time":"2019-08-12T21:31:49Z"}
{"level":"info","msg":"created PipelineRun ********-jx-node-master-1","time":"2019-08-12T21:31:49Z"}
{"level":"info","msg":"created PipelineStructure ********-jx-node-master-1","time":"2019-08-12T21:31:49Z"}
